No protocol specified
check_gl_texture_size: Unable to open display :0
(unity-settings-daemon:1432): GnomeDesktop-WARNING **: GL_MAX_TEXTURE_SIZE helper quit unexpectedly

(unity-settings-daemon:1432): keyboard-plugin-WARNING **: Unhandled settings change, key 'input-sources-switcher'

(unity-settings-daemon:1432): keyboard-plugin-WARNING **: Unhandled settings change, key 'bell-custom-file'

(unity-settings-daemon:1432): keyboard-plugin-WARNING **: Unhandled settings change, key 'input-sources-switcher'

(unity-settings-daemon:1432): keyboard-plugin-WARNING **: Unhandled settings change, key 'bell-custom-file'

(unity-settings-daemon:1432): keyboard-plugin-WARNING **: Unhandled settings change, key 'input-sources-switcher'

(unity-settings-daemon:1432): keyboard-plugin-WARNING **: Unhandled settings change, key 'bell-custom-file'

(unity-settings-daemon:1432): keyboard-plugin-WARNING **: Unhandled settings change, key 'input-sources-switcher'

(unity-settings-daemon:1432): keyboard-plugin-WARNING **: Unhandled settings change, key 'bell-custom-file'

(unity-settings-daemon:1432): keyboard-plugin-WARNING **: Unhandled settings change, key 'input-sources-switcher'

(unity-settings-daemon:1432): keyboard-plugin-WARNING **: Unhandled settings change, key 'bell-custom-file'

(unity-settings-daemon:1432): keyboard-plugin-WARNING **: Unhandled settings change, key 'input-sources-switcher'

(unity-settings-daemon:1432): keyboard-plugin-WARNING **: Unhandled settings change, key 'bell-custom-file'

(unity-settings-daemon:1432): keyboard-plugin-WARNING **: Unhandled settings change, key 'input-sources-switcher'

(unity-settings-daemon:1432): keyboard-plugin-WARNING **: Unhandled settings change, key 'bell-custom-file'

(unity-settings-daemon:1432): color-plugin-WARNING **: failed to get edid: unable to get EDID for output

(unity-settings-daemon:1432): keyboard-plugin-WARNING **: Unhandled settings change, key 'input-sources-switcher'

(unity-settings-daemon:1432): keyboard-plugin-WARNING **: Unhandled settings change, key 'bell-custom-file'

(unity-settings-daemon:1432): color-plugin-WARNING **: unable to get EDID for xrandr-default: unable to get EDID for output
